<?xml version="1.0" encoding="UTF-8"?>
<!-- Generated by org.testng.reporters.JUnitXMLReporter -->
<testsuite ignored="1" hostname="Atul-PC" failures="0" tests="3" name="RegressionTest" time="0.66" errors="0" timestamp="2022-11-14T21:06:35 IST">
  <testcase classname="com.testBase.TestBase" name="@BeforeMethod setUp" time="-1.668440194895E9">
    <failure type="org.testng.TestNGException" message="
Parameter &amp;apos;Chrome&amp;apos; is required by BeforeMethod on method setUp but has not been marked @Optional or defined
in D:\D Drive\Eclipse Workspace\04JuneDalalStreetIB\RegressionSuite.xml">
      <![CDATA[org.testng.TestNGException: 
Parameter 'Chrome' is required by BeforeMethod on method setUp but has not been marked @Optional or defined
in D:\D Drive\Eclipse Workspace\04JuneDalalStreetIB\RegressionSuite.xml
at java.base/java.util.ArrayList.forEach(ArrayList.java:1511)
... Removed 28 stack frames]]>
    </failure>
  </testcase> <!-- @BeforeMethod setUp -->
  <testcase classname="com.testBase.TestBase" name="@AfterMethod tearDown" time="-1.668440194996E9">
    <skipped/>
  </testcase> <!-- @AfterMethod tearDown -->
  <testcase classname="com.testBase.TestBase" name="@AfterClass stop" time="-1.668440195008E9">
    <skipped/>
  </testcase> <!-- @AfterClass stop -->
  <testcase classname="com.testBase.TestBase" name="@BeforeMethod setUp" time="-1.668440195045E9">
    <failure type="org.testng.TestNGException" message="
Parameter &amp;apos;Chrome&amp;apos; is required by BeforeMethod on method setUp but has not been marked @Optional or defined
in D:\D Drive\Eclipse Workspace\04JuneDalalStreetIB\RegressionSuite.xml">
      <![CDATA[org.testng.TestNGException: 
Parameter 'Chrome' is required by BeforeMethod on method setUp but has not been marked @Optional or defined
in D:\D Drive\Eclipse Workspace\04JuneDalalStreetIB\RegressionSuite.xml
at java.base/java.util.ArrayList.forEach(ArrayList.java:1511)
... Removed 28 stack frames]]>
    </failure>
  </testcase> <!-- @BeforeMethod setUp -->
  <testcase classname="com.testBase.TestBase" name="@AfterMethod tearDown" time="-1.668440195082E9">
    <skipped/>
  </testcase> <!-- @AfterMethod tearDown -->
  <testcase classname="com.testBase.TestBase" name="@BeforeMethod setUp" time="-1.668440195096E9">
    <skipped/>
  </testcase> <!-- @BeforeMethod setUp -->
  <testcase classname="com.testBase.TestBase" name="@AfterMethod tearDown" time="-1.668440195155E9">
    <skipped/>
  </testcase> <!-- @AfterMethod tearDown -->
  <testcase classname="com.testBase.TestBase" name="@AfterClass stop" time="-1.668440195165E9">
    <skipped/>
  </testcase> <!-- @AfterClass stop -->
  <testcase classname="com.testLayer.GetTranscationData" name="getData" time="0.0">
    <skipped/>
  </testcase> <!-- getData -->
  <testcase classname="com.testLayer.BuyScenerio" name="buyShare" time="0.0">
    <skipped/>
  </testcase> <!-- buyShare -->
  <testcase classname="com.testLayer.BuyScenerio" name="buyShare1" time="0.0">
    <skipped/>
  </testcase> <!-- buyShare1 -->
  <testcase classname="com.testBase.TestBase" name="@BeforeSuite test1" time="0.0">
    <ignored/>
  </testcase> <!-- @BeforeSuite test1 -->
</testsuite> <!-- RegressionTest -->
